2019-04-24 23:29:14,898 - INFO - allennlp.common.params - evaluate_on_test = False
2019-04-24 23:29:14,899 - INFO - allennlp.common.from_params - instantiating class <class 'allennlp.data.dataset_readers.dataset_reader.DatasetReader'> from params {'type': 'sst_tokens', 'token_indexers': {'tokens': {'type': 'elmo_characters'}}} and extras set()
2019-04-24 23:29:14,899 - INFO - allennlp.common.params - dataset_reader.type = sst_tokens
2019-04-24 23:29:14,900 - INFO - allennlp.common.from_params - instantiating class <class 'allennlp.data.dataset_readers.stanford_sentiment_tree_bank.StanfordSentimentTreeBankDatasetReader'> from params {'token_indexers': {'tokens': {'type': 'elmo_characters'}}} and extras set()
2019-04-24 23:29:14,900 - INFO - allennlp.common.from_params - instantiating class allennlp.data.token_indexers.token_indexer.TokenIndexer from params {'type': 'elmo_characters'} and extras set()
2019-04-24 23:29:14,902 - INFO - allennlp.common.params - dataset_reader.token_indexers.tokens.type = elmo_characters
2019-04-24 23:29:14,902 - INFO - allennlp.common.from_params - instantiating class allennlp.data.token_indexers.elmo_indexer.ELMoTokenCharactersIndexer from params {} and extras set()
2019-04-24 23:29:14,903 - INFO - allennlp.common.params - dataset_reader.token_indexers.tokens.namespace = elmo_characters
2019-04-24 23:29:14,903 - INFO - allennlp.common.params - dataset_reader.token_indexers.tokens.tokens_to_add = None
2019-04-24 23:29:14,903 - INFO - allennlp.common.params - dataset_reader.use_subtrees = False
2019-04-24 23:29:14,903 - INFO - allennlp.common.params - dataset_reader.granularity = 5-class
2019-04-24 23:29:14,903 - INFO - allennlp.common.params - dataset_reader.lazy = False
2019-04-24 23:29:14,904 - INFO - allennlp.common.params - validation_dataset_reader = None
2019-04-24 23:29:14,904 - INFO - allennlp.common.params - train_data_path = data/trees/train.txt
2019-04-24 23:29:14,904 - INFO - allennlp.training.util - Reading training data from data/trees/train.txt
2019-04-24 23:29:14,905 - INFO - allennlp.data.dataset_readers.stanford_sentiment_tree_bank - Reading instances from lines in file at: data/trees/train.txt
2019-04-24 23:29:16,422 - INFO - allennlp.common.params - validation_data_path = data/trees/dev.txt
2019-04-24 23:29:16,423 - INFO - allennlp.training.util - Reading validation data from data/trees/dev.txt
2019-04-24 23:29:16,424 - INFO - allennlp.data.dataset_readers.stanford_sentiment_tree_bank - Reading instances from lines in file at: data/trees/dev.txt
2019-04-24 23:29:16,673 - INFO - allennlp.common.params - test_data_path = None
2019-04-24 23:29:16,673 - INFO - allennlp.training.trainer - From dataset instances, train, validation will be considered for vocabulary creation.
2019-04-24 23:29:16,673 - INFO - allennlp.common.params - vocabulary.type = None
2019-04-24 23:29:16,674 - INFO - allennlp.common.params - vocabulary.extend = False
2019-04-24 23:29:16,674 - INFO - allennlp.common.params - vocabulary.directory_path = None
2019-04-24 23:29:16,675 - INFO - allennlp.common.params - vocabulary.max_vocab_size = None
2019-04-24 23:29:16,675 - INFO - allennlp.common.params - vocabulary.non_padded_namespaces = ('*tags', '*labels')
2019-04-24 23:29:16,675 - INFO - allennlp.common.params - vocabulary.min_pretrained_embeddings = None
2019-04-24 23:29:16,676 - INFO - allennlp.common.params - vocabulary.only_include_pretrained_words = False
2019-04-24 23:29:16,676 - INFO - allennlp.common.params - vocabulary.tokens_to_add = None
2019-04-24 23:29:16,676 - INFO - allennlp.data.vocabulary - Fitting token dictionary from dataset.
2019-04-24 23:29:16,718 - INFO - allennlp.common.from_params - instantiating class <class 'allennlp.models.model.Model'> from params {'type': 'lstm_classifier', 'word_embeddings': {'tokens': {'type': 'elmo_token_embedder', 'options_file': 'https://s3-us-west-2.amazonaws.com/allennlp/models/elmo/2x1024_128_2048cnn_1xhighway/elmo_2x1024_128_2048cnn_1xhighway_options.json', 'weight_file': 'https://s3-us-west-2.amazonaws.com/allennlp/models/elmo/2x1024_128_2048cnn_1xhighway/elmo_2x1024_128_2048cnn_1xhighway_weights.hdf5', 'do_layer_norm': False, 'dropout': 0.5}}, 'encoder': {'type': 'lstm', 'input_size': 256, 'hidden_size': 128, 'batch_first': 'True'}} and extras {'vocab'}
2019-04-24 23:29:16,718 - INFO - allennlp.common.params - model.type = lstm_classifier
2019-04-24 23:29:16,718 - INFO - allennlp.common.from_params - instantiating class <class 'examples.sentiment.sst_classifier.LstmClassifier'> from params {'word_embeddings': {'tokens': {'type': 'elmo_token_embedder', 'options_file': 'https://s3-us-west-2.amazonaws.com/allennlp/models/elmo/2x1024_128_2048cnn_1xhighway/elmo_2x1024_128_2048cnn_1xhighway_options.json', 'weight_file': 'https://s3-us-west-2.amazonaws.com/allennlp/models/elmo/2x1024_128_2048cnn_1xhighway/elmo_2x1024_128_2048cnn_1xhighway_weights.hdf5', 'do_layer_norm': False, 'dropout': 0.5}}, 'encoder': {'type': 'lstm', 'input_size': 256, 'hidden_size': 128, 'batch_first': 'True'}} and extras {'vocab'}
2019-04-24 23:29:16,719 - INFO - allennlp.common.from_params - instantiating class <class 'allennlp.modules.text_field_embedders.text_field_embedder.TextFieldEmbedder'> from params {'tokens': {'type': 'elmo_token_embedder', 'options_file': 'https://s3-us-west-2.amazonaws.com/allennlp/models/elmo/2x1024_128_2048cnn_1xhighway/elmo_2x1024_128_2048cnn_1xhighway_options.json', 'weight_file': 'https://s3-us-west-2.amazonaws.com/allennlp/models/elmo/2x1024_128_2048cnn_1xhighway/elmo_2x1024_128_2048cnn_1xhighway_weights.hdf5', 'do_layer_norm': False, 'dropout': 0.5}} and extras {'vocab'}
2019-04-24 23:29:16,719 - INFO - allennlp.common.params - model.word_embeddings.type = basic
2019-04-24 23:29:16,720 - INFO - allennlp.common.params - model.word_embeddings.embedder_to_indexer_map = None
2019-04-24 23:29:16,720 - INFO - allennlp.common.params - model.word_embeddings.allow_unmatched_keys = False
2019-04-24 23:29:16,720 - INFO - allennlp.common.params - model.word_embeddings.token_embedders = None
2019-04-24 23:29:16,721 - INFO - allennlp.common.from_params - instantiating class <class 'allennlp.modules.token_embedders.token_embedder.TokenEmbedder'> from params {'type': 'elmo_token_embedder', 'options_file': 'https://s3-us-west-2.amazonaws.com/allennlp/models/elmo/2x1024_128_2048cnn_1xhighway/elmo_2x1024_128_2048cnn_1xhighway_options.json', 'weight_file': 'https://s3-us-west-2.amazonaws.com/allennlp/models/elmo/2x1024_128_2048cnn_1xhighway/elmo_2x1024_128_2048cnn_1xhighway_weights.hdf5', 'do_layer_norm': False, 'dropout': 0.5} and extras {'vocab'}
2019-04-24 23:29:16,721 - INFO - allennlp.common.params - model.word_embeddings.tokens.type = elmo_token_embedder
2019-04-24 23:29:19,670 - INFO - allennlp.common.params - model.word_embeddings.tokens.options_file = https://s3-us-west-2.amazonaws.com/allennlp/models/elmo/2x1024_128_2048cnn_1xhighway/elmo_2x1024_128_2048cnn_1xhighway_options.json
2019-04-24 23:29:19,671 - INFO - allennlp.common.params - model.word_embeddings.tokens.weight_file = https://s3-us-west-2.amazonaws.com/allennlp/models/elmo/2x1024_128_2048cnn_1xhighway/elmo_2x1024_128_2048cnn_1xhighway_weights.hdf5
2019-04-24 23:29:19,672 - INFO - allennlp.common.params - model.word_embeddings.tokens.requires_grad = False
2019-04-24 23:29:19,673 - INFO - allennlp.common.params - model.word_embeddings.tokens.do_layer_norm = False
2019-04-24 23:29:19,674 - INFO - allennlp.common.params - model.word_embeddings.tokens.dropout = 0.5
2019-04-24 23:29:19,675 - INFO - allennlp.common.params - model.word_embeddings.tokens.namespace_to_cache = None
2019-04-24 23:29:19,676 - INFO - allennlp.common.params - model.word_embeddings.tokens.projection_dim = None
2019-04-24 23:29:19,677 - INFO - allennlp.common.params - model.word_embeddings.tokens.scalar_mix_parameters = None
2019-04-24 23:29:19,678 - INFO - allennlp.modules.elmo - Initializing ELMo
2019-04-24 23:29:31,309 - INFO - allennlp.common.from_params - instantiating class <class 'allennlp.modules.seq2vec_encoders.seq2vec_encoder.Seq2VecEncoder'> from params {'type': 'lstm', 'input_size': 256, 'hidden_size': 128, 'batch_first': 'True'} and extras {'vocab'}
2019-04-24 23:29:31,310 - INFO - allennlp.common.params - model.encoder.type = lstm
2019-04-24 23:29:31,310 - INFO - allennlp.common.params - model.encoder.batch_first = True
2019-04-24 23:29:31,311 - INFO - allennlp.common.params - Converting Params object to dict; logging of default values will not occur when dictionary parameters are used subsequently.
2019-04-24 23:29:31,311 - INFO - allennlp.common.params - CURRENTLY DEFINED PARAMETERS: 
2019-04-24 23:29:31,311 - INFO - allennlp.common.params - model.encoder.input_size = 256
2019-04-24 23:29:31,311 - INFO - allennlp.common.params - model.encoder.hidden_size = 128
2019-04-24 23:29:31,312 - INFO - allennlp.common.params - model.encoder.batch_first = True
2019-04-24 23:29:31,313 - INFO - allennlp.common.params - model.positive_label = 4
2019-04-24 23:29:31,317 - INFO - allennlp.common.from_params - instantiating class <class 'allennlp.data.iterators.data_iterator.DataIterator'> from params {'type': 'bucket', 'batch_size': 32, 'sorting_keys': [['tokens', 'num_tokens']]} and extras set()
2019-04-24 23:29:31,317 - INFO - allennlp.common.params - iterator.type = bucket
2019-04-24 23:29:31,317 - INFO - allennlp.common.from_params - instantiating class <class 'allennlp.data.iterators.bucket_iterator.BucketIterator'> from params {'batch_size': 32, 'sorting_keys': [['tokens', 'num_tokens']]} and extras set()
2019-04-24 23:29:31,318 - INFO - allennlp.common.params - iterator.sorting_keys = [['tokens', 'num_tokens']]
2019-04-24 23:29:31,318 - INFO - allennlp.common.params - iterator.padding_noise = 0.1
2019-04-24 23:29:31,319 - INFO - allennlp.common.params - iterator.biggest_batch_first = False
2019-04-24 23:29:31,319 - INFO - allennlp.common.params - iterator.batch_size = 32
2019-04-24 23:29:31,319 - INFO - allennlp.common.params - iterator.instances_per_epoch = None
2019-04-24 23:29:31,319 - INFO - allennlp.common.params - iterator.max_instances_in_memory = None
2019-04-24 23:29:31,320 - INFO - allennlp.common.params - iterator.cache_instances = False
2019-04-24 23:29:31,320 - INFO - allennlp.common.params - iterator.track_epoch = False
2019-04-24 23:29:31,320 - INFO - allennlp.common.params - iterator.maximum_samples_per_batch = None
2019-04-24 23:29:31,320 - INFO - allennlp.common.params - validation_iterator = None
2019-04-24 23:29:31,321 - INFO - allennlp.common.params - trainer.no_grad = ()
2019-04-24 23:29:31,321 - INFO - allennlp.training.trainer - Following parameters are Frozen  (without gradient):
2019-04-24 23:29:31,321 - INFO - allennlp.training.trainer - word_embeddings.token_embedder_tokens._elmo._elmo_lstm._token_embedder._char_embedding_weights
2019-04-24 23:29:31,321 - INFO - allennlp.training.trainer - word_embeddings.token_embedder_tokens._elmo._elmo_lstm._token_embedder.char_conv_0.weight
2019-04-24 23:29:31,322 - INFO - allennlp.training.trainer - word_embeddings.token_embedder_tokens._elmo._elmo_lstm._token_embedder.char_conv_0.bias
2019-04-24 23:29:31,322 - INFO - allennlp.training.trainer - word_embeddings.token_embedder_tokens._elmo._elmo_lstm._token_embedder.char_conv_1.weight
2019-04-24 23:29:31,322 - INFO - allennlp.training.trainer - word_embeddings.token_embedder_tokens._elmo._elmo_lstm._token_embedder.char_conv_1.bias
2019-04-24 23:29:31,322 - INFO - allennlp.training.trainer - word_embeddings.token_embedder_tokens._elmo._elmo_lstm._token_embedder.char_conv_2.weight
2019-04-24 23:29:31,322 - INFO - allennlp.training.trainer - word_embeddings.token_embedder_tokens._elmo._elmo_lstm._token_embedder.char_conv_2.bias
2019-04-24 23:29:31,322 - INFO - allennlp.training.trainer - word_embeddings.token_embedder_tokens._elmo._elmo_lstm._token_embedder.char_conv_3.weight
2019-04-24 23:29:31,323 - INFO - allennlp.training.trainer - word_embeddings.token_embedder_tokens._elmo._elmo_lstm._token_embedder.char_conv_3.bias
2019-04-24 23:29:31,323 - INFO - allennlp.training.trainer - word_embeddings.token_embedder_tokens._elmo._elmo_lstm._token_embedder.char_conv_4.weight
2019-04-24 23:29:31,323 - INFO - allennlp.training.trainer - word_embeddings.token_embedder_tokens._elmo._elmo_lstm._token_embedder.char_conv_4.bias
2019-04-24 23:29:31,323 - INFO - allennlp.training.trainer - word_embeddings.token_embedder_tokens._elmo._elmo_lstm._token_embedder.char_conv_5.weight
2019-04-24 23:29:31,324 - INFO - allennlp.training.trainer - word_embeddings.token_embedder_tokens._elmo._elmo_lstm._token_embedder.char_conv_5.bias
2019-04-24 23:29:31,324 - INFO - allennlp.training.trainer - word_embeddings.token_embedder_tokens._elmo._elmo_lstm._token_embedder.char_conv_6.weight
2019-04-24 23:29:31,324 - INFO - allennlp.training.trainer - word_embeddings.token_embedder_tokens._elmo._elmo_lstm._token_embedder.char_conv_6.bias
2019-04-24 23:29:31,324 - INFO - allennlp.training.trainer - word_embeddings.token_embedder_tokens._elmo._elmo_lstm._token_embedder._highways._layers.0.weight
2019-04-24 23:29:31,324 - INFO - allennlp.training.trainer - word_embeddings.token_embedder_tokens._elmo._elmo_lstm._token_embedder._highways._layers.0.bias
2019-04-24 23:29:31,324 - INFO - allennlp.training.trainer - word_embeddings.token_embedder_tokens._elmo._elmo_lstm._token_embedder._projection.weight
2019-04-24 23:29:31,324 - INFO - allennlp.training.trainer - word_embeddings.token_embedder_tokens._elmo._elmo_lstm._token_embedder._projection.bias
2019-04-24 23:29:31,325 - INFO - allennlp.training.trainer - word_embeddings.token_embedder_tokens._elmo._elmo_lstm._elmo_lstm.forward_layer_0.input_linearity.weight
2019-04-24 23:29:31,325 - INFO - allennlp.training.trainer - word_embeddings.token_embedder_tokens._elmo._elmo_lstm._elmo_lstm.forward_layer_0.state_linearity.weight
2019-04-24 23:29:31,325 - INFO - allennlp.training.trainer - word_embeddings.token_embedder_tokens._elmo._elmo_lstm._elmo_lstm.forward_layer_0.state_linearity.bias
2019-04-24 23:29:31,325 - INFO - allennlp.training.trainer - word_embeddings.token_embedder_tokens._elmo._elmo_lstm._elmo_lstm.forward_layer_0.state_projection.weight
2019-04-24 23:29:31,325 - INFO - allennlp.training.trainer - word_embeddings.token_embedder_tokens._elmo._elmo_lstm._elmo_lstm.backward_layer_0.input_linearity.weight
2019-04-24 23:29:31,326 - INFO - allennlp.training.trainer - word_embeddings.token_embedder_tokens._elmo._elmo_lstm._elmo_lstm.backward_layer_0.state_linearity.weight
2019-04-24 23:29:31,326 - INFO - allennlp.training.trainer - word_embeddings.token_embedder_tokens._elmo._elmo_lstm._elmo_lstm.backward_layer_0.state_linearity.bias
2019-04-24 23:29:31,326 - INFO - allennlp.training.trainer - word_embeddings.token_embedder_tokens._elmo._elmo_lstm._elmo_lstm.backward_layer_0.state_projection.weight
2019-04-24 23:29:31,326 - INFO - allennlp.training.trainer - word_embeddings.token_embedder_tokens._elmo._elmo_lstm._elmo_lstm.forward_layer_1.input_linearity.weight
2019-04-24 23:29:31,327 - INFO - allennlp.training.trainer - word_embeddings.token_embedder_tokens._elmo._elmo_lstm._elmo_lstm.forward_layer_1.state_linearity.weight
2019-04-24 23:29:31,327 - INFO - allennlp.training.trainer - word_embeddings.token_embedder_tokens._elmo._elmo_lstm._elmo_lstm.forward_layer_1.state_linearity.bias
2019-04-24 23:29:31,327 - INFO - allennlp.training.trainer - word_embeddings.token_embedder_tokens._elmo._elmo_lstm._elmo_lstm.forward_layer_1.state_projection.weight
2019-04-24 23:29:31,327 - INFO - allennlp.training.trainer - word_embeddings.token_embedder_tokens._elmo._elmo_lstm._elmo_lstm.backward_layer_1.input_linearity.weight
2019-04-24 23:29:31,327 - INFO - allennlp.training.trainer - word_embeddings.token_embedder_tokens._elmo._elmo_lstm._elmo_lstm.backward_layer_1.state_linearity.weight
2019-04-24 23:29:31,327 - INFO - allennlp.training.trainer - word_embeddings.token_embedder_tokens._elmo._elmo_lstm._elmo_lstm.backward_layer_1.state_linearity.bias
2019-04-24 23:29:31,328 - INFO - allennlp.training.trainer - word_embeddings.token_embedder_tokens._elmo._elmo_lstm._elmo_lstm.backward_layer_1.state_projection.weight
2019-04-24 23:29:31,328 - INFO - allennlp.training.trainer - Following parameters are Tunable (with gradient):
2019-04-24 23:29:31,328 - INFO - allennlp.training.trainer - word_embeddings.token_embedder_tokens._elmo.scalar_mix_0.gamma
2019-04-24 23:29:31,328 - INFO - allennlp.training.trainer - word_embeddings.token_embedder_tokens._elmo.scalar_mix_0.scalar_parameters.0
2019-04-24 23:29:31,328 - INFO - allennlp.training.trainer - word_embeddings.token_embedder_tokens._elmo.scalar_mix_0.scalar_parameters.1
2019-04-24 23:29:31,328 - INFO - allennlp.training.trainer - word_embeddings.token_embedder_tokens._elmo.scalar_mix_0.scalar_parameters.2
2019-04-24 23:29:31,328 - INFO - allennlp.training.trainer - encoder._module.weight_ih_l0
2019-04-24 23:29:31,328 - INFO - allennlp.training.trainer - encoder._module.weight_hh_l0
2019-04-24 23:29:31,328 - INFO - allennlp.training.trainer - encoder._module.bias_ih_l0
2019-04-24 23:29:31,328 - INFO - allennlp.training.trainer - encoder._module.bias_hh_l0
2019-04-24 23:29:31,328 - INFO - allennlp.training.trainer - linear.weight
2019-04-24 23:29:31,328 - INFO - allennlp.training.trainer - linear.bias
2019-04-24 23:29:31,328 - INFO - allennlp.common.params - trainer.patience = 5
2019-04-24 23:29:31,329 - INFO - allennlp.common.params - trainer.validation_metric = -loss
2019-04-24 23:29:31,329 - INFO - allennlp.common.params - trainer.shuffle = True
2019-04-24 23:29:31,329 - INFO - allennlp.common.params - trainer.num_epochs = 20
2019-04-24 23:29:31,329 - INFO - allennlp.common.params - trainer.cuda_device = -1
2019-04-24 23:29:31,329 - INFO - allennlp.common.params - trainer.grad_norm = None
2019-04-24 23:29:31,329 - INFO - allennlp.common.params - trainer.grad_clipping = None
2019-04-24 23:29:31,329 - INFO - allennlp.common.params - trainer.learning_rate_scheduler = None
2019-04-24 23:29:31,330 - INFO - allennlp.common.params - trainer.momentum_scheduler = None
2019-04-24 23:29:31,330 - INFO - allennlp.common.params - trainer.optimizer = adam
2019-04-24 23:29:31,330 - INFO - allennlp.common.params - parameter_groups = None
2019-04-24 23:29:31,330 - INFO - allennlp.training.optimizers - Number of trainable parameters: 198281
2019-04-24 23:29:31,330 - INFO - allennlp.common.params - infer_type_and_cast = True
2019-04-24 23:29:31,331 - INFO - allennlp.common.params - Converting Params object to dict; logging of default values will not occur when dictionary parameters are used subsequently.
2019-04-24 23:29:31,331 - INFO - allennlp.common.params - CURRENTLY DEFINED PARAMETERS: 
2019-04-24 23:29:31,331 - INFO - allennlp.common.params - trainer.num_serialized_models_to_keep = 20
2019-04-24 23:29:31,331 - INFO - allennlp.common.params - trainer.keep_serialized_model_every_num_seconds = None
2019-04-24 23:29:31,332 - INFO - allennlp.common.params - trainer.model_save_interval = None
2019-04-24 23:29:31,332 - INFO - allennlp.common.params - trainer.summary_interval = 100
2019-04-24 23:29:31,332 - INFO - allennlp.common.params - trainer.histogram_interval = None
2019-04-24 23:29:31,332 - INFO - allennlp.common.params - trainer.should_log_parameter_statistics = True
2019-04-24 23:29:31,332 - INFO - allennlp.common.params - trainer.should_log_learning_rate = False
2019-04-24 23:29:31,332 - INFO - allennlp.common.params - trainer.log_batch_size_period = None
2019-04-24 23:29:31,343 - INFO - allennlp.training.trainer - Beginning training.
2019-04-24 23:29:31,343 - INFO - allennlp.training.trainer - Epoch 0/19
2019-04-24 23:29:31,344 - INFO - allennlp.training.trainer - Peak CPU memory usage MB: 0.0
2019-04-24 23:29:31,347 - INFO - allennlp.training.trainer - Training
2019-04-24 23:33:55,797 - INFO - allennlp.training.trainer - Validating
2019-04-24 23:34:27,804 - INFO - allennlp.training.tensorboard_writer -                   Training |  Validation
2019-04-24 23:34:27,805 - INFO - allennlp.training.tensorboard_writer - accuracy      |     0.344  |     0.399
2019-04-24 23:34:27,805 - INFO - allennlp.training.tensorboard_writer - f1_measure    |     0.005  |     0.000
2019-04-24 23:34:27,806 - INFO - allennlp.training.tensorboard_writer - precision     |     0.300  |     0.000
2019-04-24 23:34:27,806 - INFO - allennlp.training.tensorboard_writer - cpu_memory_MB |     0.000  |       N/A
2019-04-24 23:34:27,807 - INFO - allennlp.training.tensorboard_writer - recall        |     0.003  |     0.000
2019-04-24 23:34:27,807 - INFO - allennlp.training.tensorboard_writer - loss          |     1.475  |     1.358
2019-04-24 23:34:27,890 - INFO - allennlp.training.checkpointer - Best validation performance so far. Copying weights to 'sst-model_elmo/best.th'.
2019-04-24 23:34:28,010 - INFO - allennlp.training.trainer - Epoch duration: 00:04:56
2019-04-24 23:34:28,011 - INFO - allennlp.training.trainer - Estimated training time remaining: 1:33:56
2019-04-24 23:34:28,011 - INFO - allennlp.training.trainer - Epoch 1/19
2019-04-24 23:34:28,011 - INFO - allennlp.training.trainer - Peak CPU memory usage MB: 0.0
2019-04-24 23:34:28,016 - INFO - allennlp.training.trainer - Training
2019-04-24 23:39:21,674 - INFO - allennlp.training.trainer - Validating
2019-04-24 23:39:56,005 - INFO - allennlp.training.tensorboard_writer -                   Training |  Validation
2019-04-24 23:39:56,006 - INFO - allennlp.training.tensorboard_writer - accuracy      |     0.403  |     0.431
2019-04-24 23:39:56,007 - INFO - allennlp.training.tensorboard_writer - f1_measure    |     0.052  |     0.014
2019-04-24 23:39:56,007 - INFO - allennlp.training.tensorboard_writer - precision     |     0.435  |     0.200
2019-04-24 23:39:56,008 - INFO - allennlp.training.tensorboard_writer - cpu_memory_MB |     0.000  |       N/A
2019-04-24 23:39:56,008 - INFO - allennlp.training.tensorboard_writer - recall        |     0.027  |     0.007
2019-04-24 23:39:56,009 - INFO - allennlp.training.tensorboard_writer - loss          |     1.381  |     1.314
2019-04-24 23:39:56,101 - INFO - allennlp.training.checkpointer - Best validation performance so far. Copying weights to 'sst-model_elmo/best.th'.
2019-04-24 23:39:56,203 - INFO - allennlp.training.trainer - Epoch duration: 00:05:28
2019-04-24 23:39:56,203 - INFO - allennlp.training.trainer - Estimated training time remaining: 1:33:43
2019-04-24 23:39:56,204 - INFO - allennlp.training.trainer - Epoch 2/19
2019-04-24 23:39:56,204 - INFO - allennlp.training.trainer - Peak CPU memory usage MB: 0.0
2019-04-24 23:39:56,209 - INFO - allennlp.training.trainer - Training
2019-04-24 23:44:38,984 - INFO - allennlp.training.trainer - Validating
2019-04-24 23:45:12,772 - INFO - allennlp.training.tensorboard_writer -                   Training |  Validation
2019-04-24 23:45:12,773 - INFO - allennlp.training.tensorboard_writer - accuracy      |     0.412  |     0.413
2019-04-24 23:45:12,773 - INFO - allennlp.training.tensorboard_writer - f1_measure    |     0.131  |     0.228
2019-04-24 23:45:12,774 - INFO - allennlp.training.tensorboard_writer - precision     |     0.396  |     0.312
2019-04-24 23:45:12,774 - INFO - allennlp.training.tensorboard_writer - cpu_memory_MB |     0.000  |       N/A
2019-04-24 23:45:12,775 - INFO - allennlp.training.tensorboard_writer - recall        |     0.079  |     0.180
2019-04-24 23:45:12,775 - INFO - allennlp.training.tensorboard_writer - loss          |     1.344  |     1.315
2019-04-24 23:45:12,852 - INFO - allennlp.training.trainer - Epoch duration: 00:05:16
2019-04-24 23:45:12,853 - INFO - allennlp.training.trainer - Estimated training time remaining: 1:28:55
2019-04-24 23:45:12,853 - INFO - allennlp.training.trainer - Epoch 3/19
2019-04-24 23:45:12,853 - INFO - allennlp.training.trainer - Peak CPU memory usage MB: 0.0
2019-04-24 23:45:12,859 - INFO - allennlp.training.trainer - Training
2019-04-24 23:49:47,853 - INFO - allennlp.training.trainer - Validating
2019-04-24 23:50:19,290 - INFO - allennlp.training.tensorboard_writer -                   Training |  Validation
2019-04-24 23:50:19,291 - INFO - allennlp.training.tensorboard_writer - accuracy      |     0.435  |     0.417
2019-04-24 23:50:19,291 - INFO - allennlp.training.tensorboard_writer - f1_measure    |     0.261  |     0.214
2019-04-24 23:50:19,292 - INFO - allennlp.training.tensorboard_writer - precision     |     0.446  |     0.303
2019-04-24 23:50:19,292 - INFO - allennlp.training.tensorboard_writer - cpu_memory_MB |     0.000  |       N/A
2019-04-24 23:50:19,293 - INFO - allennlp.training.tensorboard_writer - recall        |     0.184  |     0.165
2019-04-24 23:50:19,294 - INFO - allennlp.training.tensorboard_writer - loss          |     1.305  |     1.311
2019-04-24 23:50:19,371 - INFO - allennlp.training.checkpointer - Best validation performance so far. Copying weights to 'sst-model_elmo/best.th'.
2019-04-24 23:50:19,491 - INFO - allennlp.training.trainer - Epoch duration: 00:05:06
2019-04-24 23:50:19,491 - INFO - allennlp.training.trainer - Estimated training time remaining: 1:23:12
2019-04-24 23:50:19,491 - INFO - allennlp.training.trainer - Epoch 4/19
2019-04-24 23:50:19,491 - INFO - allennlp.training.trainer - Peak CPU memory usage MB: 0.0
2019-04-24 23:50:19,496 - INFO - allennlp.training.trainer - Training
2019-04-24 23:54:36,421 - INFO - allennlp.training.trainer - Validating
2019-04-24 23:55:06,991 - INFO - allennlp.training.tensorboard_writer -                   Training |  Validation
2019-04-24 23:55:06,991 - INFO - allennlp.training.tensorboard_writer - accuracy      |     0.449  |     0.427
2019-04-24 23:55:06,992 - INFO - allennlp.training.tensorboard_writer - f1_measure    |     0.292  |     0.097
2019-04-24 23:55:06,992 - INFO - allennlp.training.tensorboard_writer - precision     |     0.463  |     0.308
2019-04-24 23:55:06,993 - INFO - allennlp.training.tensorboard_writer - cpu_memory_MB |     0.000  |       N/A
2019-04-24 23:55:06,993 - INFO - allennlp.training.tensorboard_writer - recall        |     0.213  |     0.058
2019-04-24 23:55:06,994 - INFO - allennlp.training.tensorboard_writer - loss          |     1.279  |     1.309
2019-04-24 23:55:07,079 - INFO - allennlp.training.checkpointer - Best validation performance so far. Copying weights to 'sst-model_elmo/best.th'.
2019-04-24 23:55:07,185 - INFO - allennlp.training.trainer - Epoch duration: 00:04:47
2019-04-24 23:55:07,186 - INFO - allennlp.training.trainer - Estimated training time remaining: 1:16:47
2019-04-24 23:55:07,186 - INFO - allennlp.training.trainer - Epoch 5/19
2019-04-24 23:55:07,186 - INFO - allennlp.training.trainer - Peak CPU memory usage MB: 0.0
2019-04-24 23:55:07,190 - INFO - allennlp.training.trainer - Training
2019-04-24 23:59:27,587 - INFO - allennlp.training.trainer - Validating
2019-04-25 00:00:03,765 - INFO - allennlp.training.tensorboard_writer -                   Training |  Validation
2019-04-25 00:00:03,766 - INFO - allennlp.training.tensorboard_writer - accuracy      |     0.468  |     0.442
2019-04-25 00:00:03,766 - INFO - allennlp.training.tensorboard_writer - f1_measure    |     0.316  |     0.310
2019-04-25 00:00:03,767 - INFO - allennlp.training.tensorboard_writer - precision     |     0.477  |     0.336
2019-04-25 00:00:03,767 - INFO - allennlp.training.tensorboard_writer - cpu_memory_MB |     0.000  |       N/A
2019-04-25 00:00:03,768 - INFO - allennlp.training.tensorboard_writer - recall        |     0.236  |     0.288
2019-04-25 00:00:03,768 - INFO - allennlp.training.tensorboard_writer - loss          |     1.234  |     1.295
2019-04-25 00:00:03,849 - INFO - allennlp.training.checkpointer - Best validation performance so far. Copying weights to 'sst-model_elmo/best.th'.
2019-04-25 00:00:03,967 - INFO - allennlp.training.trainer - Epoch duration: 00:04:56
2019-04-25 00:00:03,967 - INFO - allennlp.training.trainer - Estimated training time remaining: 1:11:16
2019-04-25 00:00:03,967 - INFO - allennlp.training.trainer - Epoch 6/19
2019-04-25 00:00:03,967 - INFO - allennlp.training.trainer - Peak CPU memory usage MB: 0.0
2019-04-25 00:00:03,972 - INFO - allennlp.training.trainer - Training
2019-04-25 00:04:47,188 - INFO - allennlp.training.trainer - Validating
2019-04-25 00:05:18,026 - INFO - allennlp.training.tensorboard_writer -                   Training |  Validation
2019-04-25 00:05:18,027 - INFO - allennlp.training.tensorboard_writer - accuracy      |     0.484  |     0.439
2019-04-25 00:05:18,028 - INFO - allennlp.training.tensorboard_writer - f1_measure    |     0.368  |     0.309
2019-04-25 00:05:18,029 - INFO - allennlp.training.tensorboard_writer - precision     |     0.517  |     0.355
2019-04-25 00:05:18,029 - INFO - allennlp.training.tensorboard_writer - cpu_memory_MB |     0.000  |       N/A
2019-04-25 00:05:18,029 - INFO - allennlp.training.tensorboard_writer - recall        |     0.286  |     0.273
2019-04-25 00:05:18,030 - INFO - allennlp.training.tensorboard_writer - loss          |     1.205  |     1.320
2019-04-25 00:05:18,113 - INFO - allennlp.training.trainer - Epoch duration: 00:05:14
2019-04-25 00:05:18,113 - INFO - allennlp.training.trainer - Estimated training time remaining: 1:06:26
2019-04-25 00:05:18,113 - INFO - allennlp.training.trainer - Epoch 7/19
2019-04-25 00:05:18,114 - INFO - allennlp.training.trainer - Peak CPU memory usage MB: 0.0
2019-04-25 00:05:18,118 - INFO - allennlp.training.trainer - Training
2019-04-25 00:09:51,479 - INFO - allennlp.training.trainer - Validating
2019-04-25 00:10:21,934 - INFO - allennlp.training.tensorboard_writer -                   Training |  Validation
2019-04-25 00:10:21,935 - INFO - allennlp.training.tensorboard_writer - accuracy      |     0.494  |     0.431
2019-04-25 00:10:21,936 - INFO - allennlp.training.tensorboard_writer - f1_measure    |     0.368  |     0.262
2019-04-25 00:10:21,936 - INFO - allennlp.training.tensorboard_writer - precision     |     0.499  |     0.305
2019-04-25 00:10:21,937 - INFO - allennlp.training.tensorboard_writer - cpu_memory_MB |     0.000  |       N/A
2019-04-25 00:10:21,937 - INFO - allennlp.training.tensorboard_writer - recall        |     0.291  |     0.230
2019-04-25 00:10:21,937 - INFO - allennlp.training.tensorboard_writer - loss          |     1.174  |     1.313
2019-04-25 00:10:22,016 - INFO - allennlp.training.trainer - Epoch duration: 00:05:03
2019-04-25 00:10:22,017 - INFO - allennlp.training.trainer - Estimated training time remaining: 1:01:16
2019-04-25 00:10:22,017 - INFO - allennlp.training.trainer - Epoch 8/19
2019-04-25 00:10:22,018 - INFO - allennlp.training.trainer - Peak CPU memory usage MB: 0.0
2019-04-25 00:10:22,022 - INFO - allennlp.training.trainer - Training
2019-04-25 00:14:55,816 - INFO - allennlp.training.trainer - Validating
2019-04-25 00:15:29,942 - INFO - allennlp.training.tensorboard_writer -                   Training |  Validation
2019-04-25 00:15:29,943 - INFO - allennlp.training.tensorboard_writer - accuracy      |     0.520  |     0.441
2019-04-25 00:15:29,943 - INFO - allennlp.training.tensorboard_writer - f1_measure    |     0.438  |     0.272
2019-04-25 00:15:29,944 - INFO - allennlp.training.tensorboard_writer - precision     |     0.535  |     0.348
2019-04-25 00:15:29,944 - INFO - allennlp.training.tensorboard_writer - cpu_memory_MB |     0.000  |       N/A
2019-04-25 00:15:29,945 - INFO - allennlp.training.tensorboard_writer - recall        |     0.371  |     0.223
2019-04-25 00:15:29,946 - INFO - allennlp.training.tensorboard_writer - loss          |     1.136  |     1.335
2019-04-25 00:15:30,032 - INFO - allennlp.training.trainer - Epoch duration: 00:05:08
2019-04-25 00:15:30,033 - INFO - allennlp.training.trainer - Estimated training time remaining: 0:56:11
2019-04-25 00:15:30,033 - INFO - allennlp.training.trainer - Epoch 9/19
2019-04-25 00:15:30,033 - INFO - allennlp.training.trainer - Peak CPU memory usage MB: 0.0
2019-04-25 00:15:30,040 - INFO - allennlp.training.trainer - Training
2019-04-25 00:20:02,029 - INFO - allennlp.training.trainer - Validating
2019-04-25 00:20:34,378 - INFO - allennlp.training.tensorboard_writer -                   Training |  Validation
2019-04-25 00:20:34,378 - INFO - allennlp.training.tensorboard_writer - accuracy      |     0.523  |     0.408
2019-04-25 00:20:34,379 - INFO - allennlp.training.tensorboard_writer - f1_measure    |     0.437  |     0.286
2019-04-25 00:20:34,380 - INFO - allennlp.training.tensorboard_writer - precision     |     0.548  |     0.330
2019-04-25 00:20:34,380 - INFO - allennlp.training.tensorboard_writer - cpu_memory_MB |     0.000  |       N/A
2019-04-25 00:20:34,381 - INFO - allennlp.training.tensorboard_writer - recall        |     0.364  |     0.252
2019-04-25 00:20:34,381 - INFO - allennlp.training.tensorboard_writer - loss          |     1.106  |     1.395
2019-04-25 00:20:34,468 - INFO - allennlp.training.trainer - Epoch duration: 00:05:04
2019-04-25 00:20:34,468 - INFO - allennlp.training.trainer - Estimated training time remaining: 0:51:03
2019-04-25 00:20:34,468 - INFO - allennlp.training.trainer - Epoch 10/19
2019-04-25 00:20:34,469 - INFO - allennlp.training.trainer - Peak CPU memory usage MB: 0.0
2019-04-25 00:20:34,473 - INFO - allennlp.training.trainer - Training
2019-04-25 00:25:13,058 - INFO - allennlp.training.trainer - Validating
2019-04-25 00:25:45,277 - INFO - allennlp.training.trainer - Ran out of patience.  Stopping training.
2019-04-25 00:25:45,278 - INFO - allennlp.training.checkpointer - loading best weights
